2022-04-04 13:24:14,415 INFO  [Log] 'Penfolds Koonunga Hill Shiraz - Cabernet' - Title attribute contains the Keyword 
2022-04-04 13:24:14,416 INFO  [Log] Country attribute did not contains the Keyword 
2022-04-04 13:24:14,416 INFO  [Log] Region attribute did not contains the Keyword 
2022-04-04 13:24:15,028 INFO  [Log] 'Penfolds Bin 389 Cabernet - Shiraz' - Title attribute contains the Keyword 
2022-04-04 13:24:15,028 INFO  [Log] Country attribute did not contains the Keyword 
2022-04-04 13:24:15,028 INFO  [Log] Region attribute did not contains the Keyword 
2022-04-04 13:24:15,558 INFO  [Log] 'Yellow Tail Shiraz' - Title attribute contains the Keyword 
2022-04-04 13:24:15,558 INFO  [Log] Country attribute did not contains the Keyword 
2022-04-04 13:24:15,563 INFO  [Log] Region attribute did not contains the Keyword 
2022-04-04 13:24:15,994 INFO  [Log] 'Jacob'S Creek Classic Shiraz - Cabernet' - Title attribute contains the Keyword 
2022-04-04 13:24:15,994 INFO  [Log] Country attribute did not contains the Keyword 
2022-04-04 13:24:15,994 INFO  [Log] Region attribute did not contains the Keyword 
2022-04-04 13:24:16,400 INFO  [Log] 'Penfolds Bin 28 Shiraz' - Title attribute contains the Keyword 
2022-04-04 13:24:16,400 INFO  [Log] Country attribute did not contains the Keyword 
2022-04-04 13:24:16,400 INFO  [Log] Region attribute did not contains the Keyword 
2022-04-04 13:24:16,822 INFO  [Log] 'Lindeman'S Bin 50 Shiraz' - Title attribute contains the Keyword 
2022-04-04 13:24:16,822 INFO  [Log] Country attribute did not contains the Keyword 
2022-04-04 13:24:16,822 INFO  [Log] Region attribute did not contains the Keyword 
2022-04-04 13:24:17,210 INFO  [Log] 'Casillero Del Diablo Shiraz (Reserva)' - Title attribute contains the Keyword 
2022-04-04 13:24:17,210 INFO  [Log] Country attribute did not contains the Keyword 
2022-04-04 13:24:17,210 INFO  [Log] Region attribute did not contains the Keyword 
2022-04-04 13:24:17,603 INFO  [Log] 'Viña Palo Alto Reserva I (Cabernet Sauvignon - Carmenère - Shiraz)' - Title attribute contains the Keyword 
2022-04-04 13:24:17,603 INFO  [Log] Country attribute did not contains the Keyword 
2022-04-04 13:24:17,603 INFO  [Log] Region attribute did not contains the Keyword 
2022-04-04 13:24:17,992 INFO  [Log] 'Penfolds Bin 2 Shiraz - Mataro' - Title attribute contains the Keyword 
2022-04-04 13:24:17,992 INFO  [Log] Country attribute did not contains the Keyword 
2022-04-04 13:24:17,992 INFO  [Log] Region attribute did not contains the Keyword 
2022-04-04 13:24:18,375 INFO  [Log] 'Silverboom Shiraz - Merlot Special Reserve' - Title attribute contains the Keyword 
2022-04-04 13:24:18,376 INFO  [Log] Country attribute did not contains the Keyword 
2022-04-04 13:24:18,376 INFO  [Log] Region attribute did not contains the Keyword 
2022-04-04 13:24:18,764 INFO  [Log] 'Mollydooker The Boxer Shiraz' - Title attribute contains the Keyword 
2022-04-04 13:24:18,764 INFO  [Log] Country attribute did not contains the Keyword 
2022-04-04 13:24:18,764 INFO  [Log] Region attribute did not contains the Keyword 
2022-04-04 13:24:19,132 INFO  [Log] 'Château Tanunda Grand Barossa Shiraz' - Title attribute contains the Keyword 
2022-04-04 13:24:19,132 INFO  [Log] Country attribute did not contains the Keyword 
2022-04-04 13:24:19,132 INFO  [Log] Region attribute did not contains the Keyword 
2022-04-04 13:24:19,508 INFO  [Log] 'Penfolds St. Henri Shiraz' - Title attribute contains the Keyword 
2022-04-04 13:24:19,508 INFO  [Log] Country attribute did not contains the Keyword 
2022-04-04 13:24:19,508 INFO  [Log] Region attribute did not contains the Keyword 
2022-04-04 13:24:19,902 INFO  [Log] 'Wyndham Shiraz BIN 555' - Title attribute contains the Keyword 
2022-04-04 13:24:19,902 INFO  [Log] Country attribute did not contains the Keyword 
2022-04-04 13:24:19,902 INFO  [Log] Region attribute did not contains the Keyword 
2022-04-04 13:24:20,276 INFO  [Log] 'Jacob'S Creek Double Barrel Shiraz' - Title attribute contains the Keyword 
2022-04-04 13:24:20,276 INFO  [Log] Country attribute did not contains the Keyword 
2022-04-04 13:24:20,276 INFO  [Log] Region attribute did not contains the Keyword 
2022-04-04 13:24:20,474 INFO  [Log] 'Two Hands Angels' Share Shiraz' - Title attribute contains the Keyword 
2022-04-04 13:24:20,474 INFO  [Log] Country attribute did not contains the Keyword 
2022-04-04 13:24:20,474 INFO  [Log] Region attribute did not contains the Keyword 
2022-04-04 13:24:20,685 INFO  [Log] 'Wolf Blass Red Label Shiraz - Cabernet' - Title attribute contains the Keyword 
2022-04-04 13:24:20,685 INFO  [Log] Country attribute did not contains the Keyword 
2022-04-04 13:24:20,685 INFO  [Log] Region attribute did not contains the Keyword 
2022-04-04 13:24:21,034 INFO  [Log] 'Penfolds Koonunga Hill Shiraz' - Title attribute contains the Keyword 
2022-04-04 13:24:21,034 INFO  [Log] Country attribute did not contains the Keyword 
2022-04-04 13:24:21,034 INFO  [Log] Region attribute did not contains the Keyword 
2022-04-04 13:24:21,414 INFO  [Log] 'Hardys Crest Cabernet - Shiraz - Merlot' - Title attribute contains the Keyword 
2022-04-04 13:24:21,414 INFO  [Log] Country attribute did not contains the Keyword 
2022-04-04 13:24:21,414 INFO  [Log] Region attribute did not contains the Keyword 
2022-04-04 13:24:21,619 INFO  [Log] 'Jacob'S Creek Reserve Shiraz' - Title attribute contains the Keyword 
2022-04-04 13:24:21,619 INFO  [Log] Country attribute did not contains the Keyword 
2022-04-04 13:24:21,620 INFO  [Log] Region attribute did not contains the Keyword 
2022-04-04 13:24:25,433 INFO  [Log] Random Items Title matched with stored details 
2022-04-04 13:24:25,433 INFO  [Log] Random Items Country matched with stored details 
2022-04-04 13:24:25,433 INFO  [Log] Random Items Region matched with stored details 
2022-04-04 13:24:25,433 INFO  [Log] 'Silverboom Shiraz - Merlot Special Reserve' - Title attribute contains the Keyword 
2022-04-04 13:24:25,433 INFO  [Log] Country attribute did not contains the Keyword 
2022-04-04 13:24:25,433 INFO  [Log] Region attribute did not contains the Keyword 
2022-04-04 13:29:44,313 INFO  [Log] 'Penfolds Koonunga Hill Shiraz - Cabernet' - Title attribute contains the Keyword 
2022-04-04 13:29:44,314 INFO  [Log] Country attribute did not contains the Keyword 
2022-04-04 13:29:44,314 INFO  [Log] Region attribute did not contains the Keyword 
2022-04-04 13:29:44,932 INFO  [Log] 'Penfolds Bin 389 Cabernet - Shiraz' - Title attribute contains the Keyword 
2022-04-04 13:29:44,932 INFO  [Log] Country attribute did not contains the Keyword 
2022-04-04 13:29:44,932 INFO  [Log] Region attribute did not contains the Keyword 
2022-04-04 13:29:45,498 INFO  [Log] 'Yellow Tail Shiraz' - Title attribute contains the Keyword 
2022-04-04 13:29:45,498 INFO  [Log] Country attribute did not contains the Keyword 
2022-04-04 13:29:45,498 INFO  [Log] Region attribute did not contains the Keyword 
2022-04-04 13:29:45,958 INFO  [Log] 'Jacob'S Creek Classic Shiraz - Cabernet' - Title attribute contains the Keyword 
2022-04-04 13:29:45,958 INFO  [Log] Country attribute did not contains the Keyword 
2022-04-04 13:29:45,958 INFO  [Log] Region attribute did not contains the Keyword 
2022-04-04 13:29:46,384 INFO  [Log] 'Penfolds Bin 28 Shiraz' - Title attribute contains the Keyword 
2022-04-04 13:29:46,384 INFO  [Log] Country attribute did not contains the Keyword 
2022-04-04 13:29:46,384 INFO  [Log] Region attribute did not contains the Keyword 
2022-04-04 13:29:46,834 INFO  [Log] 'Lindeman'S Bin 50 Shiraz' - Title attribute contains the Keyword 
2022-04-04 13:29:46,834 INFO  [Log] Country attribute did not contains the Keyword 
2022-04-04 13:29:46,834 INFO  [Log] Region attribute did not contains the Keyword 
2022-04-04 13:29:47,224 INFO  [Log] 'Casillero Del Diablo Shiraz (Reserva)' - Title attribute contains the Keyword 
2022-04-04 13:29:47,224 INFO  [Log] Country attribute did not contains the Keyword 
2022-04-04 13:29:47,224 INFO  [Log] Region attribute did not contains the Keyword 
2022-04-04 13:29:47,612 INFO  [Log] 'Viña Palo Alto Reserva I (Cabernet Sauvignon - Carmenère - Shiraz)' - Title attribute contains the Keyword 
2022-04-04 13:29:47,612 INFO  [Log] Country attribute did not contains the Keyword 
2022-04-04 13:29:47,613 INFO  [Log] Region attribute did not contains the Keyword 
2022-04-04 13:29:48,014 INFO  [Log] 'Penfolds Bin 2 Shiraz - Mataro' - Title attribute contains the Keyword 
2022-04-04 13:29:48,014 INFO  [Log] Country attribute did not contains the Keyword 
2022-04-04 13:29:48,015 INFO  [Log] Region attribute did not contains the Keyword 
2022-04-04 13:29:48,408 INFO  [Log] 'Silverboom Shiraz - Merlot Special Reserve' - Title attribute contains the Keyword 
2022-04-04 13:29:48,408 INFO  [Log] Country attribute did not contains the Keyword 
2022-04-04 13:29:48,408 INFO  [Log] Region attribute did not contains the Keyword 
2022-04-04 13:29:48,792 INFO  [Log] 'Mollydooker The Boxer Shiraz' - Title attribute contains the Keyword 
2022-04-04 13:29:48,792 INFO  [Log] Country attribute did not contains the Keyword 
2022-04-04 13:29:48,792 INFO  [Log] Region attribute did not contains the Keyword 
2022-04-04 13:29:49,170 INFO  [Log] 'Château Tanunda Grand Barossa Shiraz' - Title attribute contains the Keyword 
2022-04-04 13:29:49,170 INFO  [Log] Country attribute did not contains the Keyword 
2022-04-04 13:29:49,170 INFO  [Log] Region attribute did not contains the Keyword 
2022-04-04 13:29:49,565 INFO  [Log] 'Penfolds St. Henri Shiraz' - Title attribute contains the Keyword 
2022-04-04 13:29:49,565 INFO  [Log] Country attribute did not contains the Keyword 
2022-04-04 13:29:49,565 INFO  [Log] Region attribute did not contains the Keyword 
2022-04-04 13:29:49,945 INFO  [Log] 'Wyndham Shiraz BIN 555' - Title attribute contains the Keyword 
2022-04-04 13:29:49,945 INFO  [Log] Country attribute did not contains the Keyword 
2022-04-04 13:29:49,945 INFO  [Log] Region attribute did not contains the Keyword 
2022-04-04 13:29:50,310 INFO  [Log] 'Jacob'S Creek Double Barrel Shiraz' - Title attribute contains the Keyword 
2022-04-04 13:29:50,310 INFO  [Log] Country attribute did not contains the Keyword 
2022-04-04 13:29:50,310 INFO  [Log] Region attribute did not contains the Keyword 
2022-04-04 13:29:50,682 INFO  [Log] 'Two Hands Angels' Share Shiraz' - Title attribute contains the Keyword 
2022-04-04 13:29:50,682 INFO  [Log] Country attribute did not contains the Keyword 
2022-04-04 13:29:50,682 INFO  [Log] Region attribute did not contains the Keyword 
2022-04-04 13:29:51,050 INFO  [Log] 'Wolf Blass Red Label Shiraz - Cabernet' - Title attribute contains the Keyword 
2022-04-04 13:29:51,051 INFO  [Log] Country attribute did not contains the Keyword 
2022-04-04 13:29:51,051 INFO  [Log] Region attribute did not contains the Keyword 
2022-04-04 13:29:51,419 INFO  [Log] 'Penfolds Koonunga Hill Shiraz' - Title attribute contains the Keyword 
2022-04-04 13:29:51,419 INFO  [Log] Country attribute did not contains the Keyword 
2022-04-04 13:29:51,419 INFO  [Log] Region attribute did not contains the Keyword 
2022-04-04 13:29:51,779 INFO  [Log] 'Hardys Crest Cabernet - Shiraz - Merlot' - Title attribute contains the Keyword 
2022-04-04 13:29:51,779 INFO  [Log] Country attribute did not contains the Keyword 
2022-04-04 13:29:51,779 INFO  [Log] Region attribute did not contains the Keyword 
2022-04-04 13:29:52,135 INFO  [Log] 'Jacob'S Creek Reserve Shiraz' - Title attribute contains the Keyword 
2022-04-04 13:29:52,135 INFO  [Log] Country attribute did not contains the Keyword 
2022-04-04 13:29:52,135 INFO  [Log] Region attribute did not contains the Keyword 
2022-04-04 13:29:56,761 INFO  [Log] Random Items Title matched with stored details 
2022-04-04 13:29:56,761 INFO  [Log] Random Items Country matched with stored details 
2022-04-04 13:29:56,761 INFO  [Log] Random Items Region matched with stored details 
2022-04-04 13:29:56,761 INFO  [Log] 'Lindeman's Bin 50 Shiraz' - Title attribute contains the Keyword 
2022-04-04 13:29:56,761 INFO  [Log] Country attribute did not contains the Keyword 
2022-04-04 13:29:56,761 INFO  [Log] Region attribute did not contains the Keyword 
